<?xml version="1.0" encoding="UTF-8"?>
<coverage generated="1534897575192" clover="4.2.0">
   <project name="rip 0.0.8" timestamp="1534897290461">
      <metrics coveredelements="238" complexity="163" loc="1260" methods="84" classes="13" statements="369" packages="1" coveredconditionals="19" coveredmethods="42" elements="495" ncloc="837" files="12" conditionals="42" coveredstatements="177"/>
      <package name="net.technearts.rip">
         <metrics coveredelements="238" complexity="163" loc="1260" methods="84" classes="13" statements="369" coveredconditionals="19" coveredmethods="42" elements="495" ncloc="837" files="12" conditionals="42" coveredstatements="177"/>
         <file path="/home/paulo/Repos/rip/src/main/java/net/technearts/rip/Cli.java" name="Cli.java">
            <metrics coveredelements="0" coveredconditionals="0" complexity="3" loc="42" coveredmethods="0" methods="2" elements="12" classes="1" ncloc="31" statements="10" conditionals="0" coveredstatements="0"/>
            <class name="Cli">
               <metrics coveredelements="0" coveredconditionals="0" complexity="3" coveredmethods="0" methods="2" elements="12" statements="10" conditionals="0" coveredstatements="0"/>
            </class>
            <line complexity="2" visibility="private" signature="commandLine(String) : CommandLine" num="17" count="0" type="method"/>
            <line num="19" count="0" type="stmt"/>
            <line num="20" count="0" type="stmt"/>
            <line num="21" count="0" type="stmt"/>
            <line num="23" count="0" type="stmt"/>
            <line num="24" count="0" type="stmt"/>
            <line num="26" count="0" type="stmt"/>
            <line num="27" count="0" type="stmt"/>
            <line complexity="1" visibility="public" signature="main(String[]) : void" num="36" count="0" type="method"/>
            <line num="37" count="0" type="stmt"/>
            <line num="38" count="0" type="stmt"/>
            <line num="39" count="0" type="stmt"/>
         </file>
         <file path="/home/paulo/Repos/rip/src/main/java/net/technearts/rip/FreemarkerConfiguration.java" name="FreemarkerConfiguration.java">
            <metrics coveredelements="12" coveredconditionals="0" complexity="4" loc="33" coveredmethods="2" methods="2" elements="14" classes="1" ncloc="28" statements="12" conditionals="0" coveredstatements="10"/>
            <class name="FreemarkerConfiguration">
               <metrics coveredelements="12" coveredconditionals="0" complexity="4" coveredmethods="2" methods="2" elements="14" statements="12" conditionals="0" coveredstatements="10"/>
            </class>
            <line complexity="3" visibility="private" signature="FreemarkerConfiguration()" num="11" count="1" type="method"/>
            <line num="12" count="1" type="stmt"/>
            <line num="13" count="1" type="stmt"/>
            <line num="14" count="1" type="stmt"/>
            <line num="15" count="1" type="stmt"/>
            <line num="16" count="1" type="stmt"/>
            <line num="17" count="1" type="stmt"/>
            <line num="18" count="1" type="stmt"/>
            <line num="19" count="1" type="stmt"/>
            <line num="21" count="0" type="stmt"/>
            <line num="23" count="1" type="stmt"/>
            <line num="26" count="0" type="stmt"/>
            <line complexity="1" visibility="public" signature="getDefaultConfiguration() : Configuration" num="30" count="1" type="method"/>
            <line num="31" count="1" type="stmt"/>
         </file>
         <file path="/home/paulo/Repos/rip/src/main/java/net/technearts/rip/HttpFormatException.java" name="HttpFormatException.java">
            <metrics coveredelements="0" coveredconditionals="0" complexity="1" loc="9" coveredmethods="0" methods="1" elements="2" classes="1" ncloc="7" statements="1" conditionals="0" coveredstatements="0"/>
            <class name="HttpFormatException">
               <metrics coveredelements="0" coveredconditionals="0" complexity="1" coveredmethods="0" methods="1" elements="2" statements="1" conditionals="0" coveredstatements="0"/>
            </class>
            <line complexity="1" visibility="public" signature="HttpFormatException(String)" num="6" count="0" type="method"/>
            <line num="7" count="0" type="stmt"/>
         </file>
         <file path="/home/paulo/Repos/rip/src/main/java/net/technearts/rip/HttpRequestParser.java" name="HttpRequestParser.java">
            <metrics coveredelements="0" coveredconditionals="0" complexity="19" loc="141" coveredmethods="0" methods="11" elements="55" classes="1" ncloc="81" statements="34" conditionals="10" coveredstatements="0"/>
            <class name="HttpRequestParser">
               <metrics coveredelements="0" coveredconditionals="0" complexity="19" coveredmethods="0" methods="11" elements="55" statements="34" conditionals="10" coveredstatements="0"/>
            </class>
            <line complexity="1" visibility="public" signature="HttpRequestParser()" num="20" count="0" type="method"/>
            <line num="21" count="0" type="stmt"/>
            <line num="22" count="0" type="stmt"/>
            <line complexity="2" visibility="private" signature="appendHeaderParameter(String) : void" num="25" count="0" type="method"/>
            <line num="27" count="0" type="stmt"/>
            <line num="28" count="0" type="stmt"/>
            <line falsecount="0" truecount="0" num="28" type="cond"/>
            <line num="29" count="0" type="stmt"/>
            <line num="31" count="0" type="stmt"/>
            <line complexity="1" visibility="private" signature="appendMessageBody(String) : void" num="35" count="0" type="method"/>
            <line num="36" count="0" type="stmt"/>
            <line complexity="1" visibility="public" signature="getHeaderParam(String) : String" num="45" count="0" type="method"/>
            <line num="46" count="0" type="stmt"/>
            <line complexity="1" visibility="public" signature="getMessageBody() : String" num="55" count="0" type="method"/>
            <line num="56" count="0" type="stmt"/>
            <line complexity="2" visibility="public" signature="getMethod() : HttpMethod" num="64" count="0" type="method"/>
            <line num="65" count="0" type="stmt"/>
            <line num="67" count="0" type="stmt"/>
            <line falsecount="0" truecount="0" num="67" type="cond"/>
            <line num="68" count="0" type="stmt"/>
            <line num="70" count="0" type="stmt"/>
            <line complexity="1" visibility="public" signature="getRequestLine() : String" num="79" count="0" type="method"/>
            <line num="80" count="0" type="stmt"/>
            <line complexity="2" visibility="public" signature="getUrl() : URL" num="88" count="0" type="method"/>
            <line num="89" count="0" type="stmt"/>
            <line num="90" count="0" type="stmt"/>
            <line num="91" count="0" type="stmt"/>
            <line num="92" count="0" type="stmt"/>
            <line num="93" count="0" type="stmt"/>
            <line num="94" count="0" type="stmt"/>
            <line num="96" count="0" type="stmt"/>
            <line complexity="4" visibility="public" signature="parseRequest(BufferedReader) : void" num="107" count="0" type="method"/>
            <line num="109" count="0" type="stmt"/>
            <line num="110" count="0" type="stmt"/>
            <line num="111" count="0" type="stmt"/>
            <line falsecount="0" truecount="0" num="111" type="cond"/>
            <line num="112" count="0" type="stmt"/>
            <line num="113" count="0" type="stmt"/>
            <line num="115" count="0" type="stmt"/>
            <line num="116" count="0" type="stmt"/>
            <line falsecount="0" truecount="0" num="116" type="cond"/>
            <line num="117" count="0" type="stmt"/>
            <line num="118" count="0" type="stmt"/>
            <line complexity="1" visibility="public" signature="parseRequest(String) : void" num="129" count="0" type="method"/>
            <line num="131" count="0" type="stmt"/>
            <line complexity="3" visibility="private" signature="setRequestLine(String) : void" num="134" count="0" type="method"/>
            <line num="136" count="0" type="stmt"/>
            <line falsecount="0" truecount="0" num="136" type="cond"/>
            <line num="137" count="0" type="stmt"/>
            <line num="139" count="0" type="stmt"/>
         </file>
         <file path="/home/paulo/Repos/rip/src/main/java/net/technearts/rip/RequestSpy.java" name="RequestSpy.java">
            <metrics coveredelements="0" coveredconditionals="0" complexity="13" loc="56" coveredmethods="0" methods="3" elements="23" classes="1" ncloc="49" statements="20" conditionals="0" coveredstatements="0"/>
            <class name="RequestSpy">
               <metrics coveredelements="0" coveredconditionals="0" complexity="13" coveredmethods="0" methods="3" elements="23" statements="20" conditionals="0" coveredstatements="0"/>
            </class>
            <line complexity="1" visibility="public" signature="RequestSpy(String,int)" num="19" count="0" type="method"/>
            <line num="20" count="0" type="stmt"/>
            <line num="21" count="0" type="stmt"/>
            <line complexity="1" visibility="public" signature="spyRequest(String) : String" num="24" count="0" type="method"/>
            <line num="25" count="0" type="stmt"/>
            <line complexity="11" visibility="public" signature="spyRequest(String,int,String) : String" num="28" count="0" type="method"/>
            <line num="29" count="0" type="stmt"/>
            <line num="30" count="0" type="stmt"/>
            <line num="30" count="0" type="stmt"/>
            <line num="31" count="0" type="stmt"/>
            <line num="33" count="0" type="stmt"/>
            <line num="35" count="0" type="stmt"/>
            <line num="36" count="0" type="stmt"/>
            <line num="37" count="0" type="stmt"/>
            <line num="38" count="0" type="stmt"/>
            <line num="39" count="0" type="stmt"/>
            <line num="41" count="0" type="stmt"/>
            <line num="46" count="0" type="stmt"/>
            <line num="47" count="0" type="stmt"/>
            <line num="49" count="0" type="stmt"/>
            <line num="50" count="0" type="stmt"/>
            <line num="52" count="0" type="stmt"/>
            <line num="54" count="0" type="stmt"/>
         </file>
         <file path="/home/paulo/Repos/rip/src/main/java/net/technearts/rip/RipExcelReader.java" name="RipExcelReader.java">
            <metrics coveredelements="33" coveredconditionals="2" complexity="9" loc="74" coveredmethods="4" methods="4" elements="36" classes="1" ncloc="59" statements="28" conditionals="4" coveredstatements="27"/>
            <class name="RipExcelReader">
               <metrics coveredelements="33" coveredconditionals="2" complexity="9" coveredmethods="4" methods="4" elements="36" statements="28" conditionals="4" coveredstatements="27"/>
            </class>
            <line complexity="1" visibility="public" signature="setIO(InputStream,OutputStream) : RipExcelReader" num="21" count="1" type="method"/>
            <line num="23" count="1" type="stmt"/>
            <line num="24" count="1" type="stmt"/>
            <line num="25" count="1" type="stmt"/>
            <line num="26" count="1" type="stmt"/>
            <line complexity="1" visibility="public" signature="RipExcelReader()" num="33" count="1" type="method"/>
            <line complexity="1" visibility="public" signature="read() : void" num="37" count="1" type="method"/>
            <line num="38" count="1" type="stmt"/>
            <line complexity="6" visibility="public" signature="readSheet(Sheet) : void" num="41" count="1" type="method"/>
            <line num="42" count="1" type="stmt"/>
            <line num="44" count="1" type="stmt"/>
            <line num="44" count="1" type="stmt"/>
            <line num="45" count="1" type="stmt"/>
            <line num="46" count="1" type="stmt"/>
            <line num="47" count="1" type="stmt"/>
            <line num="48" count="1" type="stmt"/>
            <line num="49" count="1" type="stmt"/>
            <line num="50" count="1" type="stmt"/>
            <line num="51" count="1" type="stmt"/>
            <line num="52" count="1" type="stmt"/>
            <line num="53" count="1" type="stmt"/>
            <line falsecount="0" truecount="0" num="53" type="cond"/>
            <line num="54" count="7" type="stmt"/>
            <line num="56" count="1" type="stmt"/>
            <line falsecount="1" truecount="5" num="56" type="cond"/>
            <line num="57" count="5" type="stmt"/>
            <line num="58" count="5" type="stmt"/>
            <line num="59" count="5" type="stmt"/>
            <line num="60" count="5" type="stmt"/>
            <line num="61" count="35" type="stmt"/>
            <line num="64" count="5" type="stmt"/>
            <line num="66" count="1" type="stmt"/>
            <line num="67" count="1" type="stmt"/>
            <line num="70" count="0" type="stmt"/>
         </file>
         <file path="/home/paulo/Repos/rip/src/main/java/net/technearts/rip/RipResponse.java" name="RipResponse.java">
            <metrics coveredelements="7" coveredconditionals="0" complexity="2" loc="26" coveredmethods="2" methods="2" elements="7" classes="1" ncloc="20" statements="5" conditionals="0" coveredstatements="5"/>
            <class name="RipResponse">
               <metrics coveredelements="7" coveredconditionals="0" complexity="2" coveredmethods="2" methods="2" elements="7" statements="5" conditionals="0" coveredstatements="5"/>
            </class>
            <line complexity="1" visibility="public" signature="RipResponse(Map&lt;String, Function&lt;Request, String&gt;&gt;,String,int)" num="15" count="1" type="method"/>
            <line num="17" count="1" type="stmt"/>
            <line num="18" count="1" type="stmt"/>
            <line num="19" count="1" type="stmt"/>
            <line complexity="1" visibility="public" signature="RipResponse(String,int)" num="22" count="8" type="method"/>
            <line num="23" count="8" type="stmt"/>
            <line num="24" count="8" type="stmt"/>
         </file>
         <file path="/home/paulo/Repos/rip/src/main/java/net/technearts/rip/RipResponseBuilder.java" name="RipResponseBuilder.java">
            <metrics coveredelements="119" coveredconditionals="14" complexity="42" loc="383" coveredmethods="16" methods="21" elements="151" classes="2" ncloc="237" statements="110" conditionals="20" coveredstatements="89"/>
            <class name="OP">
               <metrics coveredelements="0" coveredconditionals="0" complexity="0" coveredmethods="0" methods="0" elements="0" statements="0" conditionals="0" coveredstatements="0"/>
            </class>
            <class name="RipResponseBuilder">
               <metrics coveredelements="119" coveredconditionals="14" complexity="42" coveredmethods="16" methods="21" elements="151" statements="110" conditionals="20" coveredstatements="89"/>
            </class>
            <line complexity="4" visibility="package" signature="RipResponseBuilder(RipRoute)" num="55" count="9" type="method"/>
            <line num="56" count="9" type="stmt"/>
            <line num="58" count="9" type="stmt"/>
            <line num="59" count="9" type="stmt"/>
            <line falsecount="4" truecount="5" num="59" type="cond"/>
            <line num="60" count="5" type="stmt"/>
            <line num="63" count="9" type="stmt"/>
            <line num="64" count="3886" type="stmt"/>
            <line num="67" count="3979" type="stmt"/>
            <line num="68" count="3991" type="stmt"/>
            <line num="69" count="3994" type="stmt"/>
            <line falsecount="0" truecount="3940" num="69" type="cond"/>
            <line num="70" count="3949" type="stmt"/>
            <line num="71" count="3952" type="stmt"/>
            <line num="72" count="3972" type="stmt"/>
            <line num="73" count="3957" type="stmt"/>
            <line num="74" count="3955" type="stmt"/>
            <line num="76" count="0" type="stmt"/>
            <line num="77" count="0" type="stmt"/>
            <line num="79" count="0" type="stmt"/>
            <line num="81" count="3969" type="stmt"/>
            <line num="82" count="3926" type="stmt"/>
            <line num="84" count="9" type="stmt"/>
            <line num="85" count="1" type="stmt"/>
            <line num="88" count="1" type="stmt"/>
            <line num="89" count="1" type="stmt"/>
            <line num="90" count="1" type="stmt"/>
            <line falsecount="0" truecount="1" num="90" type="cond"/>
            <line num="91" count="1" type="stmt"/>
            <line num="92" count="1" type="stmt"/>
            <line num="93" count="1" type="stmt"/>
            <line num="94" count="1" type="stmt"/>
            <line num="95" count="1" type="stmt"/>
            <line num="97" count="2" type="stmt"/>
            <line num="99" count="1" type="stmt"/>
            <line num="101" count="0" type="stmt"/>
            <line num="102" count="0" type="stmt"/>
            <line num="104" count="0" type="stmt"/>
            <line num="107" count="1" type="stmt"/>
            <line complexity="1" visibility="public" signature="and() : RipResponseBuilder" num="116" count="1" type="method"/>
            <line num="117" count="1" type="stmt"/>
            <line num="118" count="1" type="stmt"/>
            <line complexity="1" visibility="public" signature="buildResponse(String,Consumer&lt;Map&lt;String, Function&lt;Request, String&gt;&gt;&gt;) : void" num="130" count="0" type="method"/>
            <line num="133" count="0" type="stmt"/>
            <line complexity="1" visibility="public" signature="buildResponse(String,int,Consumer&lt;Map&lt;String, Function&lt;Request, String&gt;&gt;&gt;) : void" num="146" count="1" type="method"/>
            <line num="149" count="1" type="stmt"/>
            <line num="150" count="1" type="stmt"/>
            <line num="151" count="2" type="stmt"/>
            <line num="153" count="1" type="stmt"/>
            <line complexity="2" visibility="public" signature="buildResponse(String,int,Map&lt;String, Function&lt;Request, String&gt;&gt;) : void" num="164" count="1" type="method"/>
            <line num="166" count="1" type="stmt"/>
            <line falsecount="0" truecount="1" num="166" type="cond"/>
            <line num="167" count="1" type="stmt"/>
            <line num="169" count="1" type="stmt"/>
            <line num="170" count="1" type="stmt"/>
            <line num="171" count="1" type="stmt"/>
            <line complexity="1" visibility="public" signature="buildResponse(String,Map&lt;String, Function&lt;Request, String&gt;&gt;) : void" num="181" count="0" type="method"/>
            <line num="183" count="0" type="stmt"/>
            <line complexity="1" visibility="public" signature="contains(String) : RipResponseBuilder" num="192" count="5" type="method"/>
            <line num="193" count="5" type="stmt"/>
            <line num="194" count="5" type="stmt"/>
            <line num="195" count="5" type="stmt"/>
            <line complexity="1" visibility="public" signature="containsAll(String) : RipResponseBuilder" num="204" count="1" type="method"/>
            <line num="205" count="1" type="stmt"/>
            <line num="207" count="1" type="stmt"/>
            <line num="208" count="1" type="stmt"/>
            <line complexity="1" visibility="public" signature="containsAny(String) : RipResponseBuilder" num="218" count="1" type="method"/>
            <line num="219" count="1" type="stmt"/>
            <line num="221" count="1" type="stmt"/>
            <line num="222" count="1" type="stmt"/>
            <line complexity="6" visibility="private" signature="contentType(String) : String" num="225" count="3948" type="method"/>
            <line num="226" count="3946" type="stmt"/>
            <line num="227" count="3967" type="stmt"/>
            <line falsecount="1973" truecount="1968" num="227" type="cond"/>
            <line num="228" count="1987" type="stmt"/>
            <line num="229" count="1990" type="stmt"/>
            <line falsecount="1946" truecount="0" num="229" type="cond"/>
            <line num="230" count="0" type="stmt"/>
            <line falsecount="0" truecount="0" num="230" type="cond"/>
            <line num="232" count="0" type="stmt"/>
            <line num="234" count="0" type="stmt"/>
            <line num="237" count="3914" type="stmt"/>
            <line complexity="5" visibility="private" signature="isValidJSON(String) : boolean" num="240" count="3926" type="method"/>
            <line num="241" count="3961" type="stmt"/>
            <line num="242" count="3970" type="stmt"/>
            <line num="242" count="3900" type="stmt"/>
            <line num="243" count="3932" type="stmt"/>
            <line falsecount="1984" truecount="8886" num="243" type="cond"/>
            <line num="244" count="8931" type="stmt"/>
            <line num="246" count="1988" type="stmt"/>
            <line num="248" count="1969" type="stmt"/>
            <line num="250" count="3957" type="stmt"/>
            <line complexity="4" visibility="private" signature="isValidXML(String) : boolean" num="253" count="1953" type="method"/>
            <line num="254" count="1963" type="stmt"/>
            <line num="255" count="1987" type="stmt"/>
            <line num="255" count="1987" type="stmt"/>
            <line num="256" count="1963" type="stmt"/>
            <line num="257" count="1961" type="stmt"/>
            <line num="258" count="0" type="stmt"/>
            <line num="260" count="1963" type="stmt"/>
            <line num="262" count="1974" type="stmt"/>
            <line complexity="1" visibility="public" signature="matches(Predicate&lt;Request&gt;) : RipResponseBuilder" num="271" count="0" type="method"/>
            <line num="272" count="0" type="stmt"/>
            <line num="273" count="0" type="stmt"/>
            <line complexity="1" visibility="public" signature="matchesAll(Predicate&lt;Request&gt;) : RipResponseBuilder" num="282" count="0" type="method"/>
            <line num="284" count="0" type="stmt"/>
            <line num="286" count="0" type="stmt"/>
            <line num="287" count="0" type="stmt"/>
            <line complexity="1" visibility="public" signature="matchesAny(Predicate&lt;Request&gt;) : RipResponseBuilder" num="297" count="0" type="method"/>
            <line num="299" count="0" type="stmt"/>
            <line num="301" count="0" type="stmt"/>
            <line num="302" count="0" type="stmt"/>
            <line complexity="1" visibility="public" signature="or() : RipResponseBuilder" num="310" count="1" type="method"/>
            <line num="311" count="1" type="stmt"/>
            <line num="312" count="1" type="stmt"/>
            <line complexity="1" visibility="public" signature="respond(Path) : void" num="322" count="2" type="method"/>
            <line num="323" count="2" type="stmt"/>
            <line complexity="2" visibility="public" signature="respond(Path,int) : void" num="334" count="2" type="method"/>
            <line num="335" count="2" type="stmt"/>
            <line num="336" count="2" type="stmt"/>
            <line num="338" count="0" type="stmt"/>
            <line complexity="1" visibility="public" signature="respond(String) : void" num="348" count="4" type="method"/>
            <line num="349" count="4" type="stmt"/>
            <line complexity="2" visibility="public" signature="respond(String,int) : void" num="359" count="8" type="method"/>
            <line num="360" count="8" type="stmt"/>
            <line falsecount="5" truecount="3" num="360" type="cond"/>
            <line num="361" count="3" type="stmt"/>
            <line num="363" count="8" type="stmt"/>
            <line num="364" count="8" type="stmt"/>
            <line num="365" count="8" type="stmt"/>
            <line complexity="4" visibility="private" signature="updateConditions(Predicate&lt;Request&gt;) : void" num="368" count="7" type="method"/>
            <line num="369" count="7" type="stmt"/>
            <line falsecount="2" truecount="5" num="369" type="cond"/>
            <line num="370" count="5" type="stmt"/>
            <line num="372" count="2" type="stmt"/>
            <line num="373" count="1" type="stmt"/>
            <line num="374" count="1" type="stmt"/>
            <line num="375" count="1" type="stmt"/>
            <line num="376" count="1" type="stmt"/>
            <line num="377" count="1" type="stmt"/>
            <line num="378" count="1" type="stmt"/>
         </file>
         <file path="/home/paulo/Repos/rip/src/main/java/net/technearts/rip/RipRoute.java" name="RipRoute.java">
            <metrics coveredelements="45" coveredconditionals="1" complexity="49" loc="280" coveredmethods="12" methods="22" elements="119" classes="1" ncloc="178" statements="95" conditionals="2" coveredstatements="32"/>
            <class name="RipRoute">
               <metrics coveredelements="45" coveredconditionals="1" complexity="49" coveredmethods="12" methods="22" elements="119" statements="95" conditionals="2" coveredstatements="32"/>
            </class>
            <line complexity="1" visibility="package" signature="RipRoute(RipServer)" num="40" count="9" type="method"/>
            <line num="41" count="9" type="stmt"/>
            <line complexity="1" visibility="public" signature="close() : void" num="44" count="0" type="method"/>
            <line complexity="1" visibility="public" signature="compareTo(RipRoute) : int" num="49" count="0" type="method"/>
            <line num="51" count="0" type="stmt"/>
            <line complexity="1" visibility="public" signature="connect(String) : RipResponseBuilder" num="62" count="0" type="method"/>
            <line num="63" count="0" type="stmt"/>
            <line complexity="1" visibility="private" signature="create(String,HttpMethod) : RipResponseBuilder" num="66" count="9" type="method"/>
            <line num="67" count="9" type="stmt"/>
            <line num="68" count="9" type="stmt"/>
            <line num="69" count="9" type="stmt"/>
            <line complexity="1" visibility="public" signature="delete(String) : RipResponseBuilder" num="79" count="2" type="method"/>
            <line num="80" count="2" type="stmt"/>
            <line complexity="2" visibility="public" signature="equals(Object) : boolean" num="83" count="8" type="method"/>
            <line num="85" count="8" type="stmt"/>
            <line falsecount="0" truecount="8" num="85" type="cond"/>
            <line num="86" count="8" type="stmt"/>
            <line num="87" count="8" type="stmt"/>
            <line num="90" count="0" type="stmt"/>
            <line complexity="1" visibility="public" signature="get(String) : RipResponseBuilder" num="100" count="2" type="method"/>
            <line num="101" count="2" type="stmt"/>
            <line complexity="1" visibility="package" signature="getMethod() : HttpMethod" num="104" count="18" type="method"/>
            <line num="105" count="18" type="stmt"/>
            <line complexity="1" visibility="package" signature="getPath() : String" num="108" count="9" type="method"/>
            <line num="109" count="9" type="stmt"/>
            <line complexity="1" visibility="package" signature="getRipServer() : RipServer" num="112" count="0" type="method"/>
            <line num="113" count="0" type="stmt"/>
            <line complexity="1" visibility="public" signature="hashCode() : int" num="116" count="3914" type="method"/>
            <line num="118" count="3891" type="stmt"/>
            <line complexity="1" visibility="public" signature="head(String) : RipResponseBuilder" num="128" count="0" type="method"/>
            <line num="129" count="0" type="stmt"/>
            <line complexity="1" visibility="public" signature="options(String) : RipResponseBuilder" num="139" count="0" type="method"/>
            <line num="140" count="0" type="stmt"/>
            <line complexity="1" visibility="public" signature="patch(String) : RipResponseBuilder" num="150" count="0" type="method"/>
            <line num="151" count="0" type="stmt"/>
            <line complexity="1" visibility="public" signature="post(String) : RipResponseBuilder" num="161" count="2" type="method"/>
            <line num="162" count="2" type="stmt"/>
            <line complexity="1" visibility="public" signature="put(String) : RipResponseBuilder" num="172" count="3" type="method"/>
            <line num="173" count="3" type="stmt"/>
            <line complexity="1" visibility="public" signature="reset() : void" num="179" count="0" type="method"/>
            <line num="180" count="0" type="stmt"/>
            <line complexity="1" visibility="public" signature="toString() : String" num="183" count="0" type="method"/>
            <line num="185" count="0" type="stmt"/>
            <line complexity="1" visibility="public" signature="trace(String) : RipResponseBuilder" num="195" count="0" type="method"/>
            <line num="196" count="0" type="stmt"/>
            <line complexity="14" visibility="package" signature="createMethod() : void" num="199" count="8" type="method"/>
            <line num="200" count="8" type="stmt"/>
            <line num="201" count="0" type="stmt"/>
            <line num="202" count="0" type="stmt"/>
            <line num="203" count="0" type="stmt"/>
            <line num="204" count="2" type="stmt"/>
            <line num="205" count="2" type="stmt"/>
            <line num="206" count="2" type="stmt"/>
            <line num="207" count="1" type="stmt"/>
            <line num="208" count="1" type="stmt"/>
            <line num="209" count="1" type="stmt"/>
            <line num="210" count="0" type="stmt"/>
            <line num="211" count="0" type="stmt"/>
            <line num="212" count="0" type="stmt"/>
            <line num="213" count="0" type="stmt"/>
            <line num="214" count="0" type="stmt"/>
            <line num="215" count="0" type="stmt"/>
            <line num="216" count="0" type="stmt"/>
            <line num="217" count="0" type="stmt"/>
            <line num="218" count="0" type="stmt"/>
            <line num="219" count="2" type="stmt"/>
            <line num="220" count="2" type="stmt"/>
            <line num="221" count="2" type="stmt"/>
            <line num="222" count="3" type="stmt"/>
            <line num="223" count="3" type="stmt"/>
            <line num="224" count="3" type="stmt"/>
            <line num="225" count="0" type="stmt"/>
            <line num="226" count="0" type="stmt"/>
            <line num="227" count="0" type="stmt"/>
            <line num="228" count="0" type="stmt"/>
            <line num="229" count="0" type="stmt"/>
            <line num="230" count="0" type="stmt"/>
            <line num="231" count="0" type="stmt"/>
            <line num="232" count="0" type="stmt"/>
            <line num="233" count="0" type="stmt"/>
            <line num="234" count="0" type="stmt"/>
            <line complexity="14" visibility="package" signature="createTemplateMethod() : void" num="238" count="1" type="method"/>
            <line num="241" count="1" type="stmt"/>
            <line num="242" count="1" type="stmt"/>
            <line num="243" count="0" type="stmt"/>
            <line num="244" count="0" type="stmt"/>
            <line num="245" count="0" type="stmt"/>
            <line num="246" count="0" type="stmt"/>
            <line num="247" count="0" type="stmt"/>
            <line num="248" count="0" type="stmt"/>
            <line num="249" count="1" type="stmt"/>
            <line num="250" count="1" type="stmt"/>
            <line num="251" count="1" type="stmt"/>
            <line num="252" count="0" type="stmt"/>
            <line num="253" count="0" type="stmt"/>
            <line num="254" count="0" type="stmt"/>
            <line num="255" count="0" type="stmt"/>
            <line num="256" count="0" type="stmt"/>
            <line num="257" count="0" type="stmt"/>
            <line num="258" count="0" type="stmt"/>
            <line num="259" count="0" type="stmt"/>
            <line num="260" count="0" type="stmt"/>
            <line num="261" count="0" type="stmt"/>
            <line num="262" count="0" type="stmt"/>
            <line num="263" count="0" type="stmt"/>
            <line num="264" count="0" type="stmt"/>
            <line num="265" count="0" type="stmt"/>
            <line num="266" count="0" type="stmt"/>
            <line num="267" count="0" type="stmt"/>
            <line num="268" count="0" type="stmt"/>
            <line num="269" count="0" type="stmt"/>
            <line num="270" count="0" type="stmt"/>
            <line num="271" count="0" type="stmt"/>
            <line num="272" count="0" type="stmt"/>
            <line num="273" count="0" type="stmt"/>
            <line num="274" count="0" type="stmt"/>
            <line num="275" count="0" type="stmt"/>
            <line num="276" count="0" type="stmt"/>
         </file>
         <file path="/home/paulo/Repos/rip/src/main/java/net/technearts/rip/RipServer.java" name="RipServer.java">
            <metrics coveredelements="22" coveredconditionals="2" complexity="16" loc="139" coveredmethods="6" methods="12" elements="47" classes="1" ncloc="85" statements="29" conditionals="6" coveredstatements="14"/>
            <class name="RipServer">
               <metrics coveredelements="22" coveredconditionals="2" complexity="16" coveredmethods="6" methods="12" elements="47" statements="29" conditionals="6" coveredstatements="14"/>
            </class>
            <line complexity="1" visibility="public" signature="localhost() : RipRoute" num="34" count="8" type="method"/>
            <line num="35" count="8" type="stmt"/>
            <line complexity="1" visibility="public" signature="localhost(int) : RipRoute" num="44" count="9" type="method"/>
            <line num="45" count="9" type="stmt"/>
            <line complexity="2" visibility="public" signature="localhost(int,String) : RipRoute" num="55" count="9" type="method"/>
            <line num="56" count="9" type="stmt"/>
            <line falsecount="8" truecount="1" num="56" type="cond"/>
            <line num="57" count="1" type="stmt"/>
            <line num="58" count="1" type="stmt"/>
            <line num="60" count="9" type="stmt"/>
            <line complexity="2" visibility="public" signature="stop(int) : void" num="68" count="0" type="method"/>
            <line num="69" count="0" type="stmt"/>
            <line falsecount="0" truecount="0" num="69" type="cond"/>
            <line num="70" count="0" type="stmt"/>
            <line complexity="2" visibility="public" signature="withFile(String) : Path" num="80" count="2" type="method"/>
            <line num="81" count="2" type="stmt"/>
            <line num="82" count="2" type="stmt"/>
            <line num="84" count="0" type="stmt"/>
            <line complexity="1" visibility="private" signature="RipServer(int,String)" num="92" count="1" type="method"/>
            <line num="93" count="1" type="stmt"/>
            <line num="94" count="1" type="stmt"/>
            <line num="95" count="1" type="stmt"/>
            <line num="96" count="1" type="stmt"/>
            <line num="97" count="1" type="stmt"/>
            <line complexity="1" visibility="public" signature="close() : void" num="100" count="0" type="method"/>
            <line num="102" count="0" type="stmt"/>
            <line num="104" count="0" type="stmt"/>
            <line complexity="1" visibility="public" signature="compareTo(RipServer) : int" num="108" count="0" type="method"/>
            <line num="110" count="0" type="stmt"/>
            <line complexity="2" visibility="public" signature="equals(Object) : boolean" num="113" count="0" type="method"/>
            <line num="115" count="0" type="stmt"/>
            <line falsecount="0" truecount="0" num="115" type="cond"/>
            <line num="116" count="0" type="stmt"/>
            <line num="117" count="0" type="stmt"/>
            <line num="119" count="0" type="stmt"/>
            <line complexity="1" visibility="public" signature="hashCode() : int" num="122" count="3911" type="method"/>
            <line num="124" count="3842" type="stmt"/>
            <line complexity="1" visibility="package" signature="reset() : void" num="127" count="0" type="method"/>
            <line num="128" count="0" type="stmt"/>
            <line num="129" count="0" type="stmt"/>
            <line num="131" count="0" type="stmt"/>
            <line num="132" count="0" type="stmt"/>
            <line complexity="1" visibility="public" signature="toString() : String" num="135" count="0" type="method"/>
            <line num="137" count="0" type="stmt"/>
         </file>
         <file path="/home/paulo/Repos/rip/src/main/java/net/technearts/rip/RipWebApp.java" name="RipWebApp.java">
            <metrics coveredelements="0" coveredconditionals="0" complexity="2" loc="38" coveredmethods="0" methods="1" elements="19" classes="1" ncloc="31" statements="18" conditionals="0" coveredstatements="0"/>
            <class name="RipWebApp">
               <metrics coveredelements="0" coveredconditionals="0" complexity="2" coveredmethods="0" methods="1" elements="19" statements="18" conditionals="0" coveredstatements="0"/>
            </class>
            <line complexity="2" visibility="public" signature="init() : void" num="13" count="0" type="method"/>
            <line num="15" count="0" type="stmt"/>
            <line num="16" count="0" type="stmt"/>
            <line num="17" count="0" type="stmt"/>
            <line num="18" count="0" type="stmt"/>
            <line num="19" count="0" type="stmt"/>
            <line num="20" count="0" type="stmt"/>
            <line num="21" count="0" type="stmt"/>
            <line num="23" count="0" type="stmt"/>
            <line num="24" count="0" type="stmt"/>
            <line num="25" count="0" type="stmt"/>
            <line num="26" count="0" type="stmt"/>
            <line num="27" count="0" type="stmt"/>
            <line num="28" count="0" type="stmt"/>
            <line num="30" count="0" type="stmt"/>
            <line num="31" count="0" type="stmt"/>
            <line num="32" count="0" type="stmt"/>
            <line num="33" count="0" type="stmt"/>
            <line num="34" count="0" type="stmt"/>
         </file>
         <file path="/home/paulo/Repos/rip/src/main/java/net/technearts/rip/RipWebFilter.java" name="RipWebFilter.java">
            <metrics coveredelements="0" coveredconditionals="0" complexity="3" loc="39" coveredmethods="0" methods="3" elements="10" classes="1" ncloc="31" statements="7" conditionals="0" coveredstatements="0"/>
            <class name="RipWebFilter">
               <metrics coveredelements="0" coveredconditionals="0" complexity="3" coveredmethods="0" methods="3" elements="10" statements="7" conditionals="0" coveredstatements="0"/>
            </class>
            <line complexity="1" visibility="public" signature="destroy() : void" num="19" count="0" type="method"/>
            <line num="21" count="0" type="stmt"/>
            <line num="22" count="0" type="stmt"/>
            <line num="23" count="0" type="stmt"/>
            <line complexity="1" visibility="public" signature="doFilter(ServletRequest,ServletResponse,FilterChain) : void" num="26" count="0" type="method"/>
            <line num="30" count="0" type="stmt"/>
            <line complexity="1" visibility="public" signature="init(FilterConfig) : void" num="33" count="0" type="method"/>
            <line num="35" count="0" type="stmt"/>
            <line num="36" count="0" type="stmt"/>
            <line num="37" count="0" type="stmt"/>
         </file>
      </package>
   </project>
   <testproject name="rip 0.0.8" timestamp="1534897290461">
      <metrics coveredelements="43" complexity="20" loc="212" methods="17" classes="5" statements="45" packages="1" coveredconditionals="0" coveredmethods="12" elements="62" ncloc="165" files="5" conditionals="0" coveredstatements="31"/>
      <package name="net.technearts.rip">
         <metrics coveredelements="43" complexity="20" loc="212" methods="17" classes="5" statements="45" coveredconditionals="0" coveredmethods="12" elements="62" ncloc="165" files="5" conditionals="0" coveredstatements="31"/>
         <file path="/home/paulo/Repos/rip/src/test/java/net/technearts/rip/RequestSpyTest.java" name="RequestSpyTest.java">
            <metrics coveredelements="0" coveredconditionals="0" complexity="1" loc="14" coveredmethods="0" methods="1" elements="3" classes="1" ncloc="10" statements="2" conditionals="0" coveredstatements="0"/>
            <class name="RequestSpyTest">
               <metrics coveredelements="0" coveredconditionals="0" complexity="1" coveredmethods="0" methods="1" elements="3" statements="2" conditionals="0" coveredstatements="0"/>
            </class>
            <line complexity="1" visibility="public" signature="test() : void" num="8" count="0" type="method"/>
            <line num="10" count="0" type="stmt"/>
            <line num="11" count="0" type="stmt"/>
         </file>
         <file path="/home/paulo/Repos/rip/src/test/java/net/technearts/rip/RipExcelReaderTest.java" name="RipExcelReaderTest.java">
            <metrics coveredelements="5" coveredconditionals="0" complexity="3" loc="28" coveredmethods="2" methods="2" elements="6" classes="1" ncloc="20" statements="4" conditionals="0" coveredstatements="3"/>
            <class name="RipExcelReaderTest">
               <metrics coveredelements="5" complexity="3" methods="2" testruns="1" statements="4" coveredconditionals="0" coveredmethods="2" elements="6" testfailures="0" testduration="0.636" conditionals="0" coveredstatements="3" testpasses="1"/>
            </class>
            <line complexity="1" visibility="public" signature="setup() : void" num="13" count="1" type="method"/>
            <line num="15" count="1" type="stmt"/>
            <line complexity="2" visibility="public" signature="test() : void" num="18" testsuccess="true" count="1" testduration="0.636" type="method"/>
            <line num="20" count="1" type="stmt"/>
            <line num="21" count="1" type="stmt"/>
            <line num="24" count="0" type="stmt"/>
         </file>
         <file path="/home/paulo/Repos/rip/src/test/java/net/technearts/rip/RipServerInstancesTest.java" name="RipServerInstancesTest.java">
            <metrics coveredelements="0" coveredconditionals="0" complexity="6" loc="49" coveredmethods="0" methods="4" elements="15" classes="1" ncloc="35" statements="11" conditionals="0" coveredstatements="0"/>
            <class name="RipServerInstancesTest">
               <metrics coveredelements="0" coveredconditionals="0" complexity="6" coveredmethods="0" methods="4" elements="15" statements="11" conditionals="0" coveredstatements="0"/>
            </class>
            <line complexity="1" visibility="public" signature="setUpBeforeClass() : void" num="16" count="0" type="method"/>
            <line num="18" count="0" type="stmt"/>
            <line complexity="1" visibility="public" signature="tearDownAfterClass() : void" num="21" count="0" type="method"/>
            <line complexity="1" visibility="public" signature="resetTest() : void" num="27" count="0" type="method"/>
            <line num="30" count="0" type="stmt"/>
            <line num="31" count="0" type="stmt"/>
            <line num="32" count="0" type="stmt"/>
            <line num="33" count="0" type="stmt"/>
            <line num="35" count="0" type="stmt"/>
            <line num="36" count="0" type="stmt"/>
            <line num="37" count="0" type="stmt"/>
            <line num="38" count="0" type="stmt"/>
            <line complexity="3" visibility="public" signature="tryResourcesTest() : void" num="41" count="0" type="method"/>
            <line num="42" count="0" type="stmt"/>
            <line num="42" count="0" type="stmt"/>
         </file>
         <file path="/home/paulo/Repos/rip/src/test/java/net/technearts/rip/RipServerTest.java" name="RipServerTest.java">
            <metrics coveredelements="32" coveredconditionals="0" complexity="7" loc="88" coveredmethods="7" methods="7" elements="32" classes="1" ncloc="75" statements="25" conditionals="0" coveredstatements="25"/>
            <class name="RipServerTest">
               <metrics coveredelements="32" complexity="7" methods="7" testruns="5" statements="25" coveredconditionals="0" coveredmethods="7" elements="32" testfailures="0" testduration="9.006" conditionals="0" coveredstatements="25" testpasses="5"/>
            </class>
            <line complexity="1" visibility="public" signature="setUpBeforeClass() : void" num="20" count="1" type="method"/>
            <line num="22" count="1" type="stmt"/>
            <line num="23" count="1" type="stmt"/>
            <line num="24" count="1" type="stmt"/>
            <line num="26" count="1" type="stmt"/>
            <line num="28" count="1" type="stmt"/>
            <line num="29" count="1" type="stmt"/>
            <line num="30" count="1" type="stmt"/>
            <line num="31" count="1" type="stmt"/>
            <line num="33" count="1" type="stmt"/>
            <line complexity="1" visibility="public" signature="tearDownAfterClass() : void" num="36" count="1" type="method"/>
            <line complexity="1" visibility="public" signature="testDelete() : void" num="41" testsuccess="true" count="1" testduration="0.025" type="method"/>
            <line num="43" count="1" type="stmt"/>
            <line num="45" count="1" type="stmt"/>
            <line num="47" count="1" type="stmt"/>
            <line num="49" count="1" type="stmt"/>
            <line complexity="1" visibility="public" signature="testDeterministic() : void" num="52" testsuccess="true" count="1" testduration="7.673" type="method"/>
            <line num="54" count="1" type="stmt"/>
            <line num="55" count="993" type="stmt"/>
            <line num="57" count="995" type="stmt"/>
            <line num="59" count="993" type="stmt"/>
            <line num="61" count="991" type="stmt"/>
            <line complexity="1" visibility="public" signature="testGet() : void" num="65" testsuccess="true" count="1" testduration="1.127" type="method"/>
            <line num="67" count="1" type="stmt"/>
            <line complexity="1" visibility="public" signature="testPost() : void" num="70" testsuccess="true" count="1" testduration="0.065" type="method"/>
            <line num="72" count="1" type="stmt"/>
            <line num="73" count="1" type="stmt"/>
            <line num="75" count="1" type="stmt"/>
            <line complexity="1" visibility="public" signature="testPut() : void" num="79" testsuccess="true" count="1" testduration="0.116" type="method"/>
            <line num="81" count="1" type="stmt"/>
            <line num="83" count="1" type="stmt"/>
            <line num="85" count="1" type="stmt"/>
         </file>
         <file path="/home/paulo/Repos/rip/src/test/java/net/technearts/rip/RipTemplatesTest.java" name="RipTemplatesTest.java">
            <metrics coveredelements="6" coveredconditionals="0" complexity="3" loc="33" coveredmethods="3" methods="3" elements="6" classes="1" ncloc="25" statements="3" conditionals="0" coveredstatements="3"/>
            <class name="RipTemplatesTest">
               <metrics coveredelements="6" complexity="3" methods="3" testruns="1" statements="3" coveredconditionals="0" coveredmethods="3" elements="6" testfailures="0" testduration="0.082" conditionals="0" coveredstatements="3" testpasses="1"/>
            </class>
            <line complexity="1" visibility="public" signature="setUpBeforeClass() : void" num="14" count="1" type="method"/>
            <line num="16" count="1" type="stmt"/>
            <line num="17" count="1" type="stmt"/>
            <line complexity="1" visibility="public" signature="tearDownAfterClass() : void" num="22" count="1" type="method"/>
            <line complexity="1" visibility="public" signature="testBasicTemplate() : void" num="27" testsuccess="true" count="1" testduration="0.082" type="method"/>
            <line num="29" count="1" type="stmt"/>
         </file>
      </package>
   </testproject>
</coverage>